{"name":"beforeTest","status":"broken","statusDetails":{"known":false,"muted":false,"flaky":false,"message":"Unable to create a new remote session. Please check the server log for more details. Original error: All non-standard capabilities should have a vendor prefix. The following capabilities did not have one: appium-version,device,forceIphone,realDeviceLogger,xcodeConfigfile\nBuild info: version: '3.141.59', revision: 'e82be7d358', time: '2018-11-14T08:17:03'\nSystem info: host: 'Aswinikumars-MacBook-Pro.local', ip: '2401:4900:1c26:45c0:74fb:d090:dacf:3556%en0', os.name: 'Mac OS X', os.arch: 'x86_64', os.version: '10.16', java.version: '1.8.0_311'\nDriver info: driver.version: IOSDriver\nremote stacktrace: InvalidArgumentError: All non-standard capabilities should have a vendor prefix. The following capabilities did not have one: appium-version,device,forceIphone,realDeviceLogger,xcodeConfigfile\n    at parseCaps (/usr/local/lib/node_modules/appium/node_modules/@appium/base-driver/lib/basedriver/capabilities.js:237:11)\n    at processCapabilities (/usr/local/lib/node_modules/appium/node_modules/@appium/base-driver/lib/basedriver/capabilities.js:316:43)\n    at parseCapsForInnerDriver (/usr/local/lib/node_modules/appium/lib/utils.js:135:40)\n    at AppiumDriver.createSession (/usr/local/lib/node_modules/appium/lib/appium.js:241:49)\n    at commandExecutor (/usr/local/lib/node_modules/appium/node_modules/@appium/base-driver/lib/basedriver/driver.js:127:18)\n    at AppiumDriver.executeCommand (/usr/local/lib/node_modules/appium/node_modules/@appium/base-driver/lib/basedriver/driver.js:144:15)\n    at processTicksAndRejections (node:internal/process/task_queues:95:5)\n    at defaultBehavior (/usr/local/lib/node_modules/appium/lib/appium.js:668:16)\n    at AppiumDriver.executeWrappedCommand (/usr/local/lib/node_modules/appium/lib/appium.js:762:16)\n    at AppiumDriver.executeCommand (/usr/local/lib/node_modules/appium/lib/appium.js:684:17)\n    at asyncHandler (/usr/local/lib/node_modules/appium/node_modules/@appium/base-driver/lib/protocol/protocol.js:346:19)\nBuild info: version: '3.141.59', revision: 'e82be7d358', time: '2018-11-14T08:17:03'\nSystem info: host: 'Aswinikumars-MacBook-Pro.local', ip: '2401:4900:1c26:45c0:74fb:d090:dacf:3556%en0', os.name: 'Mac OS X', os.arch: 'x86_64', os.version: '10.16', java.version: '1.8.0_311'\nDriver info: driver.version: IOSDriver","trace":"org.openqa.selenium.SessionNotCreatedException: Unable to create a new remote session. Please check the server log for more details. Original error: All non-standard capabilities should have a vendor prefix. The following capabilities did not have one: appium-version,device,forceIphone,realDeviceLogger,xcodeConfigfile\nBuild info: version: '3.141.59', revision: 'e82be7d358', time: '2018-11-14T08:17:03'\nSystem info: host: 'Aswinikumars-MacBook-Pro.local', ip: '2401:4900:1c26:45c0:74fb:d090:dacf:3556%en0', os.name: 'Mac OS X', os.arch: 'x86_64', os.version: '10.16', java.version: '1.8.0_311'\nDriver info: driver.version: IOSDriver\nremote stacktrace: InvalidArgumentError: All non-standard capabilities should have a vendor prefix. The following capabilities did not have one: appium-version,device,forceIphone,realDeviceLogger,xcodeConfigfile\n    at parseCaps (/usr/local/lib/node_modules/appium/node_modules/@appium/base-driver/lib/basedriver/capabilities.js:237:11)\n    at processCapabilities (/usr/local/lib/node_modules/appium/node_modules/@appium/base-driver/lib/basedriver/capabilities.js:316:43)\n    at parseCapsForInnerDriver (/usr/local/lib/node_modules/appium/lib/utils.js:135:40)\n    at AppiumDriver.createSession (/usr/local/lib/node_modules/appium/lib/appium.js:241:49)\n    at commandExecutor (/usr/local/lib/node_modules/appium/node_modules/@appium/base-driver/lib/basedriver/driver.js:127:18)\n    at AppiumDriver.executeCommand (/usr/local/lib/node_modules/appium/node_modules/@appium/base-driver/lib/basedriver/driver.js:144:15)\n    at processTicksAndRejections (node:internal/process/task_queues:95:5)\n    at defaultBehavior (/usr/local/lib/node_modules/appium/lib/appium.js:668:16)\n    at AppiumDriver.executeWrappedCommand (/usr/local/lib/node_modules/appium/lib/appium.js:762:16)\n    at AppiumDriver.executeCommand (/usr/local/lib/node_modules/appium/lib/appium.js:684:17)\n    at asyncHandler (/usr/local/lib/node_modules/appium/node_modules/@appium/base-driver/lib/protocol/protocol.js:346:19)\nBuild info: version: '3.141.59', revision: 'e82be7d358', time: '2018-11-14T08:17:03'\nSystem info: host: 'Aswinikumars-MacBook-Pro.local', ip: '2401:4900:1c26:45c0:74fb:d090:dacf:3556%en0', os.name: 'Mac OS X', os.arch: 'x86_64', os.version: '10.16', java.version: '1.8.0_311'\nDriver info: driver.version: IOSDriver\n\tat io.appium.java_client.remote.AppiumCommandExecutor$1.createSession(AppiumCommandExecutor.java:208)\n\tat io.appium.java_client.remote.AppiumCommandExecutor.createSession(AppiumCommandExecutor.java:217)\n\tat io.appium.java_client.remote.AppiumCommandExecutor.execute(AppiumCommandExecutor.java:239)\n\tat org.openqa.selenium.remote.RemoteWebDriver.execute(RemoteWebDriver.java:552)\n\tat io.appium.java_client.DefaultGenericMobileDriver.execute(DefaultGenericMobileDriver.java:41)\n\tat io.appium.java_client.AppiumDriver.execute(AppiumDriver.java:1)\n\tat io.appium.java_client.ios.IOSDriver.execute(IOSDriver.java:1)\n\tat org.openqa.selenium.remote.RemoteWebDriver.startSession(RemoteWebDriver.java:213)\n\tat io.appium.java_client.AppiumDriver.startSession(AppiumDriver.java:336)\n\tat org.openqa.selenium.remote.RemoteWebDriver.<init>(RemoteWebDriver.java:131)\n\tat io.appium.java_client.DefaultGenericMobileDriver.<init>(DefaultGenericMobileDriver.java:37)\n\tat io.appium.java_client.AppiumDriver.<init>(AppiumDriver.java:88)\n\tat io.appium.java_client.AppiumDriver.<init>(AppiumDriver.java:98)\n\tat io.appium.java_client.ios.IOSDriver.<init>(IOSDriver.java:90)\n\tat com.twc.ios.app.functions.Functions.launchtheApp(Functions.java:456)\n\tat com.twc.ios.app.testcases.SmokeTest.beforeTest(SmokeTest.java:135)\n\tat sun.reflect.NativeMethodAccessorImpl.invoke0(Native Method)\n\tat sun.reflect.NativeMethodAccessorImpl.invoke(NativeMethodAccessorImpl.java:62)\n\tat sun.reflect.DelegatingMethodAccessorImpl.invoke(DelegatingMethodAccessorImpl.java:43)\n\tat java.lang.reflect.Method.invoke(Method.java:498)\n\tat org.testng.internal.MethodInvocationHelper.invokeMethod(MethodInvocationHelper.java:86)\n\tat org.testng.internal.Invoker.invokeMethod(Invoker.java:643)\n\tat org.testng.internal.Invoker.invokeTestMethod(Invoker.java:820)\n\tat org.testng.internal.Invoker.invokeTestMethods(Invoker.java:1128)\n\tat org.testng.internal.TestMethodWorker.invokeTestMethods(TestMethodWorker.java:129)\n\tat org.testng.internal.TestMethodWorker.run(TestMethodWorker.java:112)\n\tat org.testng.TestRunner.privateRun(TestRunner.java:782)\n\tat org.testng.TestRunner.run(TestRunner.java:632)\n\tat org.testng.SuiteRunner.runTest(SuiteRunner.java:366)\n\tat org.testng.SuiteRunner.runSequentially(SuiteRunner.java:361)\n\tat org.testng.SuiteRunner.privateRun(SuiteRunner.java:319)\n\tat org.testng.SuiteRunner.run(SuiteRunner.java:268)\n\tat org.testng.SuiteRunnerWorker.runSuite(SuiteRunnerWorker.java:52)\n\tat org.testng.SuiteRunnerWorker.run(SuiteRunnerWorker.java:86)\n\tat org.testng.TestNG.runSuitesSequentially(TestNG.java:1244)\n\tat org.testng.TestNG.runSuitesLocally(TestNG.java:1169)\n\tat org.testng.TestNG.run(TestNG.java:1064)\n\tat org.testng.remote.AbstractRemoteTestNG.run(AbstractRemoteTestNG.java:115)\n\tat org.testng.remote.RemoteTestNG.initAndRun(RemoteTestNG.java:251)\n\tat org.testng.remote.RemoteTestNG.main(RemoteTestNG.java:77)\nCaused by: java.lang.reflect.InvocationTargetException\n\tat sun.reflect.NativeMethodAccessorImpl.invoke0(Native Method)\n\tat sun.reflect.NativeMethodAccessorImpl.invoke(NativeMethodAccessorImpl.java:62)\n\tat sun.reflect.DelegatingMethodAccessorImpl.invoke(DelegatingMethodAccessorImpl.java:43)\n\tat java.lang.reflect.Method.invoke(Method.java:498)\n\tat io.appium.java_client.remote.AppiumCommandExecutor$1.createSession(AppiumCommandExecutor.java:186)\n\t... 39 more\nCaused by: org.openqa.selenium.InvalidArgumentException: All non-standard capabilities should have a vendor prefix. The following capabilities did not have one: appium-version,device,forceIphone,realDeviceLogger,xcodeConfigfile\nBuild info: version: '3.141.59', revision: 'e82be7d358', time: '2018-11-14T08:17:03'\nSystem info: host: 'Aswinikumars-MacBook-Pro.local', ip: '2401:4900:1c26:45c0:74fb:d090:dacf:3556%en0', os.name: 'Mac OS X', os.arch: 'x86_64', os.version: '10.16', java.version: '1.8.0_311'\nDriver info: driver.version: IOSDriver\nremote stacktrace: InvalidArgumentError: All non-standard capabilities should have a vendor prefix. The following capabilities did not have one: appium-version,device,forceIphone,realDeviceLogger,xcodeConfigfile\n    at parseCaps (/usr/local/lib/node_modules/appium/node_modules/@appium/base-driver/lib/basedriver/capabilities.js:237:11)\n    at processCapabilities (/usr/local/lib/node_modules/appium/node_modules/@appium/base-driver/lib/basedriver/capabilities.js:316:43)\n    at parseCapsForInnerDriver (/usr/local/lib/node_modules/appium/lib/utils.js:135:40)\n    at AppiumDriver.createSession (/usr/local/lib/node_modules/appium/lib/appium.js:241:49)\n    at commandExecutor (/usr/local/lib/node_modules/appium/node_modules/@appium/base-driver/lib/basedriver/driver.js:127:18)\n    at AppiumDriver.executeCommand (/usr/local/lib/node_modules/appium/node_modules/@appium/base-driver/lib/basedriver/driver.js:144:15)\n    at processTicksAndRejections (node:internal/process/task_queues:95:5)\n    at defaultBehavior (/usr/local/lib/node_modules/appium/lib/appium.js:668:16)\n    at AppiumDriver.executeWrappedCommand (/usr/local/lib/node_modules/appium/lib/appium.js:762:16)\n    at AppiumDriver.executeCommand (/usr/local/lib/node_modules/appium/lib/appium.js:684:17)\n    at asyncHandler (/usr/local/lib/node_modules/appium/node_modules/@appium/base-driver/lib/protocol/protocol.js:346:19)\n\tat sun.reflect.NativeConstructorAccessorImpl.newInstance0(Native Method)\n\tat sun.reflect.NativeConstructorAccessorImpl.newInstance(NativeConstructorAccessorImpl.java:62)\n\tat sun.reflect.DelegatingConstructorAccessorImpl.newInstance(DelegatingConstructorAccessorImpl.java:45)\n\tat java.lang.reflect.Constructor.newInstance(Constructor.java:423)\n\tat org.openqa.selenium.remote.W3CHandshakeResponse.lambda$errorHandler$0(W3CHandshakeResponse.java:62)\n\tat org.openqa.selenium.remote.HandshakeResponse.lambda$getResponseFunction$0(HandshakeResponse.java:30)\n\tat org.openqa.selenium.remote.ProtocolHandshake.lambda$createSession$0(ProtocolHandshake.java:126)\n\tat java.util.stream.ReferencePipeline$3$1.accept(ReferencePipeline.java:193)\n\tat java.util.Spliterators$ArraySpliterator.tryAdvance(Spliterators.java:958)\n\tat java.util.stream.ReferencePipeline.forEachWithCancel(ReferencePipeline.java:126)\n\tat java.util.stream.AbstractPipeline.copyIntoWithCancel(AbstractPipeline.java:499)\n\tat java.util.stream.AbstractPipeline.copyInto(AbstractPipeline.java:486)\n\tat java.util.stream.AbstractPipeline.wrapAndCopyInto(AbstractPipeline.java:472)\n\tat java.util.stream.FindOps$FindOp.evaluateSequential(FindOps.java:152)\n\tat java.util.stream.AbstractPipeline.evaluate(AbstractPipeline.java:234)\n\tat java.util.stream.ReferencePipeline.findFirst(ReferencePipeline.java:464)\n\tat org.openqa.selenium.remote.ProtocolHandshake.createSession(ProtocolHandshake.java:128)\n\t... 44 more\n"},"stage":"finished","description":"Updating Device Proxy Details and Launch the App","steps":[{"name":"****** Updating Device Proxy Details and Launch the App test case Started","status":"passed","stage":"finished","steps":[],"attachments":[],"parameters":[{"name":"stepName","value":"****** Updating Device Proxy Details and Launch the App test case Started"}],"start":1673417844816,"stop":1673417844816},{"name":"Curent iPhone UDID is:  00008110-000239112661801E","status":"passed","stage":"finished","steps":[],"attachments":[],"parameters":[{"name":"stepName","value":"Curent iPhone UDID is:  00008110-000239112661801E"}],"start":1673417845200,"stop":1673417845200},{"name":"Curent iOS Version is:  16.2","status":"passed","stage":"finished","steps":[],"attachments":[],"parameters":[{"name":"stepName","value":"Curent iOS Version is:  16.2"}],"start":1673417845488,"stop":1673417845488},{"name":"Current Wifi Name is : Airtel_5G","status":"passed","stage":"finished","steps":[],"attachments":[],"parameters":[{"name":"stepName","value":"Current Wifi Name is : Airtel_5G"}],"start":1673417845866,"stop":1673417845866},{"name":"Current IP Address is : 192.168.1.2","status":"passed","stage":"finished","steps":[],"attachments":[],"parameters":[{"name":"stepName","value":"Current IP Address is : 192.168.1.2"}],"start":1673417845934,"stop":1673417845935},{"name":"Previous IP Address Value :192.168.1.2-----Current IP Address Value :192.168.1.2","status":"passed","stage":"finished","steps":[],"attachments":[],"parameters":[{"name":"stepName","value":"Previous IP Address Value :192.168.1.2-----Current IP Address Value :192.168.1.2"}],"start":1673417845936,"stop":1673417845936},{"name":"Since IP Check is ignored, updating proxy settings of iPhone","status":"passed","stage":"finished","steps":[],"attachments":[],"parameters":[{"name":"stepName","value":"Since IP Check is ignored, updating proxy settings of iPhone"}],"start":1673417845937,"stop":1673417845937},{"name":"An exception while updating proxy details in iPhone","status":"passed","stage":"finished","steps":[],"attachments":[],"parameters":[{"name":"stepName","value":"An exception while updating proxy details in iPhone"}],"start":1673417846587,"stop":1673417846587},{"name":"Updating previous IP details in properties file","status":"passed","stage":"finished","steps":[],"attachments":[],"parameters":[{"name":"stepName","value":"Updating previous IP details in properties file"}],"start":1673417846587,"stop":1673417846587},{"name":"Url :http://control.charles/tools/rewrite/enable Responded with status code : 200","status":"passed","stage":"finished","steps":[],"attachments":[],"parameters":[{"name":"stepName","value":"Url :http://control.charles/tools/rewrite/enable Responded with status code : 200"}],"start":1673417846648,"stop":1673417846648},{"name":"Url :http://control.charles/recording/start Responded with status code : 200","status":"passed","stage":"finished","steps":[],"attachments":[],"parameters":[{"name":"stepName","value":"Url :http://control.charles/recording/start Responded with status code : 200"}],"start":1673417846669,"stop":1673417846669},{"name":"Url :http://control.charles/session/clear Responded with status code : 200","status":"passed","stage":"finished","steps":[],"attachments":[],"parameters":[{"name":"stepName","value":"Url :http://control.charles/session/clear Responded with status code : 200"}],"start":1673417846685,"stop":1673417846685},{"name":"Charles Session cleared","status":"passed","stage":"finished","steps":[],"attachments":[],"parameters":[{"name":"stepName","value":"Charles Session cleared"}],"start":1673417846686,"stop":1673417846686}],"attachments":[],"parameters":[],"start":1673417844816,"stop":1673417846796,"uuid":"e0fc7e78-33aa-47cd-b7ab-4c2f26984e81","historyId":"587656ae3d98bea76788d92e37d7d310","fullName":"com.twc.ios.app.testcases.SmokeTest.beforeTest","labels":[{"name":"package","value":"com.twc.ios.app.testcases.SmokeTest"},{"name":"testClass","value":"com.twc.ios.app.testcases.SmokeTest"},{"name":"testMethod","value":"beforeTest"},{"name":"parentSuite","value":"Default suite"},{"name":"suite","value":"Default test"},{"name":"subSuite","value":"com.twc.ios.app.testcases.SmokeTest"},{"name":"host","value":"Aswinikumars-MacBook-Pro.local"},{"name":"thread","value":"64273@Aswinikumars-MacBook-Pro.local.main(1)"},{"name":"framework","value":"testng"},{"name":"language","value":"java"}],"links":[]}